[debug] [2025-11-20T04:45:53.885Z] ----------------------------------------------------------------------
[debug] [2025-11-20T04:45:53.887Z] Command:       C:\Program Files\nodejs\node.exe C:\Users\clanc\AppData\Roaming\npm\node_modules\firebase-tools\lib\bin\firebase.js deploy --only firestore:indexes
[debug] [2025-11-20T04:45:53.888Z] CLI Version:   14.25.1
[debug] [2025-11-20T04:45:53.888Z] Platform:      win32
[debug] [2025-11-20T04:45:53.888Z] Node Version:  v22.12.0
[debug] [2025-11-20T04:45:53.888Z] Time:          Thu Nov 20 2025 10:15:53 GMT+0530 (India Standard Time)
[debug] [2025-11-20T04:45:53.888Z] ----------------------------------------------------------------------
[debug] 
[debug] [2025-11-20T04:45:54.216Z] > command requires scopes: ["email","openid","https://www.googleapis.com/auth/cloudplatformprojects.readonly","https://www.googleapis.com/auth/firebase","https://www.googleapis.com/auth/cloud-platform"]
[debug] [2025-11-20T04:45:54.218Z] > authorizing via signed-in user (clancymendonca@gmail.com)
[debug] [2025-11-20T04:45:54.219Z] [iam] checking project centersportsscience-5be86 for permissions ["datastore.indexes.create","datastore.indexes.delete","datastore.indexes.list","datastore.indexes.update","firebase.projects.get"]
[debug] [2025-11-20T04:45:54.222Z] Checked if tokens are valid: true, expires at: 1763617496607
[debug] [2025-11-20T04:45:54.223Z] Checked if tokens are valid: true, expires at: 1763617496607
[debug] [2025-11-20T04:45:54.226Z] >>> [apiv2][query] POST https://cloudresourcemanager.googleapis.com/v1/projects/centersportsscience-5be86:testIamPermissions [none]
[debug] [2025-11-20T04:45:54.226Z] >>> [apiv2][(partial)header] POST https://cloudresourcemanager.googleapis.com/v1/projects/centersportsscience-5be86:testIamPermissions x-goog-quota-user=projects/centersportsscience-5be86
[debug] [2025-11-20T04:45:54.227Z] >>> [apiv2][body] POST https://cloudresourcemanager.googleapis.com/v1/projects/centersportsscience-5be86:testIamPermissions {"permissions":["datastore.indexes.create","datastore.indexes.delete","datastore.indexes.list","datastore.indexes.update","firebase.projects.get"]}
[debug] [2025-11-20T04:45:55.809Z] <<< [apiv2][status] POST https://cloudresourcemanager.googleapis.com/v1/projects/centersportsscience-5be86:testIamPermissions 200
[debug] [2025-11-20T04:45:55.810Z] <<< [apiv2][body] POST https://cloudresourcemanager.googleapis.com/v1/projects/centersportsscience-5be86:testIamPermissions {"permissions":["datastore.indexes.create","datastore.indexes.delete","datastore.indexes.list","datastore.indexes.update","firebase.projects.get"]}
[info] 
[info] === Deploying to 'centersportsscience-5be86'...
[info] 
[info] i  deploying firestore 
[info] i  firestore: ensuring required API firestore.googleapis.com is enabled... 
[info] i  firestore: ensuring required API firestore.googleapis.com is enabled... 
[debug] [2025-11-20T04:45:55.816Z] Checked if tokens are valid: true, expires at: 1763617496607
[debug] [2025-11-20T04:45:55.817Z] Checked if tokens are valid: true, expires at: 1763617496607
[debug] [2025-11-20T04:45:55.817Z] >>> [apiv2][query] GET https://firestore.googleapis.com/v1/projects/centersportsscience-5be86/databases/(default) [none]
[debug] [2025-11-20T04:45:56.170Z] <<< [apiv2][status] GET https://firestore.googleapis.com/v1/projects/centersportsscience-5be86/databases/(default) 200
[debug] [2025-11-20T04:45:56.170Z] <<< [apiv2][body] GET https://firestore.googleapis.com/v1/projects/centersportsscience-5be86/databases/(default) {"name":"projects/centersportsscience-5be86/databases/(default)","uid":"8d5ccff3-1e1c-45cd-af08-7d9f1a2036c4","createTime":"2025-11-12T10:06:57.177005Z","updateTime":"2025-11-12T10:06:57.177005Z","locationId":"asia-south1","type":"FIRESTORE_NATIVE","concurrencyMode":"PESSIMISTIC","versionRetentionPeriod":"3600s","earliestVersionTime":"2025-11-20T03:45:57.083627Z","appEngineIntegrationMode":"DISABLED","keyPrefix":"j","pointInTimeRecoveryEnablement":"POINT_IN_TIME_RECOVERY_DISABLED","deleteProtectionState":"DELETE_PROTECTION_DISABLED","databaseEdition":"STANDARD","freeTier":true,"realtimeUpdatesMode":"REALTIME_UPDATES_MODE_ENABLED","etag":"ILCeu/v1/5ADMOrEuMu47JAD"}
[info] i  firestore: reading indexes from firestore.indexes.json... 
[info] i  cloud.firestore: checking firestore.rules for compilation errors... 
[debug] [2025-11-20T04:45:56.175Z] Checked if tokens are valid: true, expires at: 1763617496607
[debug] [2025-11-20T04:45:56.176Z] Checked if tokens are valid: true, expires at: 1763617496607
[debug] [2025-11-20T04:45:56.176Z] >>> [apiv2][query] POST https://firebaserules.googleapis.com/v1/projects/centersportsscience-5be86:test [none]
[debug] [2025-11-20T04:45:56.176Z] >>> [apiv2][body] POST https://firebaserules.googleapis.com/v1/projects/centersportsscience-5be86:test [omitted]
[debug] [2025-11-20T04:45:57.628Z] <<< [apiv2][status] POST https://firebaserules.googleapis.com/v1/projects/centersportsscience-5be86:test 200
[debug] [2025-11-20T04:45:57.628Z] <<< [apiv2][body] POST https://firebaserules.googleapis.com/v1/projects/centersportsscience-5be86:test {}
[info] +  cloud.firestore: rules file firestore.rules compiled successfully 
[info] i  firestore: deploying indexes... 
[debug] [2025-11-20T04:45:57.634Z] Checked if tokens are valid: true, expires at: 1763617496607
[debug] [2025-11-20T04:45:57.634Z] Checked if tokens are valid: true, expires at: 1763617496607
[debug] [2025-11-20T04:45:57.635Z] >>> [apiv2][query] GET https://firestore.googleapis.com/v1/projects/centersportsscience-5be86/databases/(default)/collectionGroups/-/indexes [none]
[debug] [2025-11-20T04:45:57.719Z] <<< [apiv2][status] GET https://firestore.googleapis.com/v1/projects/centersportsscience-5be86/databases/(default)/collectionGroups/-/indexes 200
[debug] [2025-11-20T04:45:57.720Z] <<< [apiv2][body] GET https://firestore.googleapis.com/v1/projects/centersportsscience-5be86/databases/(default)/collectionGroups/-/indexes {"indexes":[{"name":"projects/centersportsscience-5be86/databases/(default)/collectionGroups/transferRequests/indexes/CICAgJim14AK","queryScope":"COLLECTION","fields":[{"fieldPath":"status","order":"ASCENDING"},{"fieldPath":"toTherapistId","order":"ASCENDING"},{"fieldPath":"requestedAt","order":"DESCENDING"},{"fieldPath":"__name__","order":"DESCENDING"}],"state":"READY","density":"SPARSE_ALL"},{"name":"projects/centersportsscience-5be86/databases/(default)/collectionGroups/notifications/indexes/CICAgOjXh4EK","queryScope":"COLLECTION","fields":[{"fieldPath":"userId","order":"ASCENDING"},{"fieldPath":"createdAt","order":"DESCENDING"},{"fieldPath":"__name__","order":"DESCENDING"}],"state":"READY","density":"SPARSE_ALL"},{"name":"projects/centersportsscience-5be86/databases/(default)/collectionGroups/reportVersions/indexes/CICAgJiUpoMK","queryScope":"COLLECTION","fields":[{"fieldPath":"patientId","order":"ASCENDING"},{"fieldPath":"version","order":"DESCENDING"},{"fieldPath":"__name__","order":"DESCENDING"}],"state":"READY","density":"SPARSE_ALL"}]}
[debug] [2025-11-20T04:45:57.720Z] Checked if tokens are valid: true, expires at: 1763617496607
[debug] [2025-11-20T04:45:57.720Z] Checked if tokens are valid: true, expires at: 1763617496607
[debug] [2025-11-20T04:45:57.721Z] >>> [apiv2][query] GET https://firestore.googleapis.com/v1/projects/centersportsscience-5be86/databases/(default)/collectionGroups/-/fields?filter=indexConfig.usesAncestorConfig=false OR ttlConfig:* [none]
[debug] [2025-11-20T04:45:57.813Z] <<< [apiv2][status] GET https://firestore.googleapis.com/v1/projects/centersportsscience-5be86/databases/(default)/collectionGroups/-/fields?filter=indexConfig.usesAncestorConfig=false OR ttlConfig:* 200
[debug] [2025-11-20T04:45:57.813Z] <<< [apiv2][body] GET https://firestore.googleapis.com/v1/projects/centersportsscience-5be86/databases/(default)/collectionGroups/-/fields?filter=indexConfig.usesAncestorConfig=false OR ttlConfig:* {"fields":[{"name":"projects/centersportsscience-5be86/databases/(default)/collectionGroups/__default__/fields/*","indexConfig":{"indexes":[{"queryScope":"COLLECTION","fields":[{"fieldPath":"*","order":"ASCENDING"}],"state":"READY"},{"queryScope":"COLLECTION","fields":[{"fieldPath":"*","order":"DESCENDING"}],"state":"READY"},{"queryScope":"COLLECTION","fields":[{"fieldPath":"*","arrayConfig":"CONTAINS"}],"state":"READY"}]}}]}
[debug] [2025-11-20T04:45:57.814Z] Checked if tokens are valid: true, expires at: 1763617496607
[debug] [2025-11-20T04:45:57.814Z] Checked if tokens are valid: true, expires at: 1763617496607
[debug] [2025-11-20T04:45:57.814Z] >>> [apiv2][query] GET https://firestore.googleapis.com/v1/projects/centersportsscience-5be86/databases/(default) [none]
[debug] [2025-11-20T04:45:57.875Z] <<< [apiv2][status] GET https://firestore.googleapis.com/v1/projects/centersportsscience-5be86/databases/(default) 200
[debug] [2025-11-20T04:45:57.876Z] <<< [apiv2][body] GET https://firestore.googleapis.com/v1/projects/centersportsscience-5be86/databases/(default) {"name":"projects/centersportsscience-5be86/databases/(default)","uid":"8d5ccff3-1e1c-45cd-af08-7d9f1a2036c4","createTime":"2025-11-12T10:06:57.177005Z","updateTime":"2025-11-12T10:06:57.177005Z","locationId":"asia-south1","type":"FIRESTORE_NATIVE","concurrencyMode":"PESSIMISTIC","versionRetentionPeriod":"3600s","earliestVersionTime":"2025-11-20T03:45:58.789264Z","appEngineIntegrationMode":"DISABLED","keyPrefix":"j","pointInTimeRecoveryEnablement":"POINT_IN_TIME_RECOVERY_DISABLED","deleteProtectionState":"DELETE_PROTECTION_DISABLED","databaseEdition":"STANDARD","freeTier":true,"realtimeUpdatesMode":"REALTIME_UPDATES_MODE_ENABLED","etag":"IKeso/z1/5ADMOrEuMu47JAD"}
[debug] [2025-11-20T04:45:57.878Z] Skipping existing index: {"collectionGroup":"notifications","queryScope":"COLLECTION","fields":[{"fieldPath":"userId","order":"ASCENDING"},{"fieldPath":"createdAt","order":"DESCENDING"},{"fieldPath":"__name__","order":"DESCENDING"}]}
[debug] [2025-11-20T04:45:57.879Z] Skipping existing index: {"collectionGroup":"reportVersions","queryScope":"COLLECTION","fields":[{"fieldPath":"patientId","order":"ASCENDING"},{"fieldPath":"version","order":"DESCENDING"},{"fieldPath":"__name__","order":"DESCENDING"}]}
[debug] [2025-11-20T04:45:57.880Z] Skipping existing index: {"collectionGroup":"transferRequests","queryScope":"COLLECTION","fields":[{"fieldPath":"status","order":"ASCENDING"},{"fieldPath":"toTherapistId","order":"ASCENDING"},{"fieldPath":"requestedAt","order":"DESCENDING"},{"fieldPath":"__name__","order":"DESCENDING"}]}
[debug] [2025-11-20T04:45:57.880Z] Creating new index: {"collectionGroup":"appointments","queryScope":"COLLECTION","fields":[{"fieldPath":"patientId","order":"ASCENDING"},{"fieldPath":"status","order":"ASCENDING"},{"fieldPath":"date","order":"ASCENDING"},{"fieldPath":"time","order":"ASCENDING"}]}
[debug] [2025-11-20T04:45:57.881Z] Checked if tokens are valid: true, expires at: 1763617496607
[debug] [2025-11-20T04:45:57.881Z] Checked if tokens are valid: true, expires at: 1763617496607
[debug] [2025-11-20T04:45:57.881Z] >>> [apiv2][query] POST https://firestore.googleapis.com/v1/projects/centersportsscience-5be86/databases/(default)/collectionGroups/appointments/indexes [none]
[debug] [2025-11-20T04:45:57.882Z] >>> [apiv2][body] POST https://firestore.googleapis.com/v1/projects/centersportsscience-5be86/databases/(default)/collectionGroups/appointments/indexes {"fields":[{"fieldPath":"patientId","order":"ASCENDING"},{"fieldPath":"status","order":"ASCENDING"},{"fieldPath":"date","order":"ASCENDING"},{"fieldPath":"time","order":"ASCENDING"}],"queryScope":"COLLECTION"}
[debug] [2025-11-20T04:45:58.046Z] <<< [apiv2][status] POST https://firestore.googleapis.com/v1/projects/centersportsscience-5be86/databases/(default)/collectionGroups/appointments/indexes 200
[debug] [2025-11-20T04:45:58.046Z] <<< [apiv2][body] POST https://firestore.googleapis.com/v1/projects/centersportsscience-5be86/databases/(default)/collectionGroups/appointments/indexes {"name":"projects/centersportsscience-5be86/databases/(default)/operations/S0VKaW1qSmdBQ0lDDCoDIDM0NDU2ODExNGY5Ni03ODI5LTZjMTQtMjQ5ZC1mZTQyNDA5YiQac2VuaWxlcGlwCQpBEg","metadata":{"@type":"type.googleapis.com/google.firestore.admin.v1.IndexOperationMetadata","startTime":"2025-11-20T04:45:58.935997Z","index":"projects/centersportsscience-5be86/databases/(default)/collectionGroups/appointments/indexes/CICAgJjmiJEK","state":"INITIALIZING"}}
[info] +  firestore: deployed indexes in firestore.indexes.json successfully for (default) database 
[info] 
[info] +  Deploy complete! 
[info] 
[info] Project Console: https://console.firebase.google.com/project/centersportsscience-5be86/overview
[debug] [2025-11-20T04:48:52.006Z] ----------------------------------------------------------------------
[debug] [2025-11-20T04:48:52.009Z] Command:       C:\Program Files\nodejs\node.exe C:\Users\clanc\AppData\Roaming\npm\node_modules\firebase-tools\lib\bin\firebase.js firestore:indexes
[debug] [2025-11-20T04:48:52.010Z] CLI Version:   14.25.1
[debug] [2025-11-20T04:48:52.010Z] Platform:      win32
[debug] [2025-11-20T04:48:52.011Z] Node Version:  v22.12.0
[debug] [2025-11-20T04:48:52.011Z] Time:          Thu Nov 20 2025 10:18:52 GMT+0530 (India Standard Time)
[debug] [2025-11-20T04:48:52.011Z] ----------------------------------------------------------------------
[debug] 
[debug] [2025-11-20T04:48:52.300Z] > command requires scopes: ["email","openid","https://www.googleapis.com/auth/cloudplatformprojects.readonly","https://www.googleapis.com/auth/firebase","https://www.googleapis.com/auth/cloud-platform"]
[debug] [2025-11-20T04:48:52.301Z] > authorizing via signed-in user (clancymendonca@gmail.com)
[debug] [2025-11-20T04:48:52.301Z] [iam] checking project centersportsscience-5be86 for permissions ["datastore.indexes.list","firebase.projects.get"]
[debug] [2025-11-20T04:48:52.303Z] Checked if tokens are valid: true, expires at: 1763617496607
[debug] [2025-11-20T04:48:52.303Z] Checked if tokens are valid: true, expires at: 1763617496607
[debug] [2025-11-20T04:48:52.304Z] >>> [apiv2][query] POST https://cloudresourcemanager.googleapis.com/v1/projects/centersportsscience-5be86:testIamPermissions [none]
[debug] [2025-11-20T04:48:52.305Z] >>> [apiv2][(partial)header] POST https://cloudresourcemanager.googleapis.com/v1/projects/centersportsscience-5be86:testIamPermissions x-goog-quota-user=projects/centersportsscience-5be86
[debug] [2025-11-20T04:48:52.305Z] >>> [apiv2][body] POST https://cloudresourcemanager.googleapis.com/v1/projects/centersportsscience-5be86:testIamPermissions {"permissions":["datastore.indexes.list","firebase.projects.get"]}
[debug] [2025-11-20T04:48:54.780Z] <<< [apiv2][status] POST https://cloudresourcemanager.googleapis.com/v1/projects/centersportsscience-5be86:testIamPermissions 200
[debug] [2025-11-20T04:48:54.781Z] <<< [apiv2][body] POST https://cloudresourcemanager.googleapis.com/v1/projects/centersportsscience-5be86:testIamPermissions {"permissions":["datastore.indexes.list","firebase.projects.get"]}
[debug] [2025-11-20T04:48:54.784Z] Checked if tokens are valid: true, expires at: 1763617496607
[debug] [2025-11-20T04:48:54.785Z] Checked if tokens are valid: true, expires at: 1763617496607
[debug] [2025-11-20T04:48:54.785Z] >>> [apiv2][query] GET https://firestore.googleapis.com/v1/projects/centersportsscience-5be86/databases/(default)/collectionGroups/-/indexes [none]
[debug] [2025-11-20T04:48:55.169Z] <<< [apiv2][status] GET https://firestore.googleapis.com/v1/projects/centersportsscience-5be86/databases/(default)/collectionGroups/-/indexes 200
[debug] [2025-11-20T04:48:55.170Z] <<< [apiv2][body] GET https://firestore.googleapis.com/v1/projects/centersportsscience-5be86/databases/(default)/collectionGroups/-/indexes {"indexes":[{"name":"projects/centersportsscience-5be86/databases/(default)/collectionGroups/transferRequests/indexes/CICAgJim14AK","queryScope":"COLLECTION","fields":[{"fieldPath":"status","order":"ASCENDING"},{"fieldPath":"toTherapistId","order":"ASCENDING"},{"fieldPath":"requestedAt","order":"DESCENDING"},{"fieldPath":"__name__","order":"DESCENDING"}],"state":"READY","density":"SPARSE_ALL"},{"name":"projects/centersportsscience-5be86/databases/(default)/collectionGroups/notifications/indexes/CICAgOjXh4EK","queryScope":"COLLECTION","fields":[{"fieldPath":"userId","order":"ASCENDING"},{"fieldPath":"createdAt","order":"DESCENDING"},{"fieldPath":"__name__","order":"DESCENDING"}],"state":"READY","density":"SPARSE_ALL"},{"name":"projects/centersportsscience-5be86/databases/(default)/collectionGroups/reportVersions/indexes/CICAgJiUpoMK","queryScope":"COLLECTION","fields":[{"fieldPath":"patientId","order":"ASCENDING"},{"fieldPath":"version","order":"DESCENDING"},{"fieldPath":"__name__","order":"DESCENDING"}],"state":"READY","density":"SPARSE_ALL"},{"name":"projects/centersportsscience-5be86/databases/(default)/collectionGroups/appointments/indexes/CICAgJjmiJEK","queryScope":"COLLECTION","fields":[{"fieldPath":"patientId","order":"ASCENDING"},{"fieldPath":"status","order":"ASCENDING"},{"fieldPath":"date","order":"ASCENDING"},{"fieldPath":"time","order":"ASCENDING"},{"fieldPath":"__name__","order":"ASCENDING"}],"state":"READY","density":"SPARSE_ALL"}]}
[debug] [2025-11-20T04:48:55.170Z] Checked if tokens are valid: true, expires at: 1763617496607
[debug] [2025-11-20T04:48:55.171Z] Checked if tokens are valid: true, expires at: 1763617496607
[debug] [2025-11-20T04:48:55.171Z] >>> [apiv2][query] GET https://firestore.googleapis.com/v1/projects/centersportsscience-5be86/databases/(default)/collectionGroups/-/fields?filter=indexConfig.usesAncestorConfig=false OR ttlConfig:* [none]
[debug] [2025-11-20T04:48:55.316Z] <<< [apiv2][status] GET https://firestore.googleapis.com/v1/projects/centersportsscience-5be86/databases/(default)/collectionGroups/-/fields?filter=indexConfig.usesAncestorConfig=false OR ttlConfig:* 200
[debug] [2025-11-20T04:48:55.316Z] <<< [apiv2][body] GET https://firestore.googleapis.com/v1/projects/centersportsscience-5be86/databases/(default)/collectionGroups/-/fields?filter=indexConfig.usesAncestorConfig=false OR ttlConfig:* {"fields":[{"name":"projects/centersportsscience-5be86/databases/(default)/collectionGroups/__default__/fields/*","indexConfig":{"indexes":[{"queryScope":"COLLECTION","fields":[{"fieldPath":"*","order":"ASCENDING"}],"state":"READY"},{"queryScope":"COLLECTION","fields":[{"fieldPath":"*","order":"DESCENDING"}],"state":"READY"},{"queryScope":"COLLECTION","fields":[{"fieldPath":"*","arrayConfig":"CONTAINS"}],"state":"READY"}]}}]}
[info] {
  "indexes": [
    {
      "collectionGroup": "appointments",
      "queryScope": "COLLECTION",
      "fields": [
        {
          "fieldPath": "patientId",
          "order": "ASCENDING"
        },
        {
          "fieldPath": "status",
          "order": "ASCENDING"
        },
        {
          "fieldPath": "date",
          "order": "ASCENDING"
        },
        {
          "fieldPath": "time",
          "order": "ASCENDING"
        },
        {
          "fieldPath": "__name__",
          "order": "ASCENDING"
        }
      ],
      "density": "SPARSE_ALL"
    },
    {
      "collectionGroup": "notifications",
      "queryScope": "COLLECTION",
      "fields": [
        {
          "fieldPath": "userId",
          "order": "ASCENDING"
        },
        {
          "fieldPath": "createdAt",
          "order": "DESCENDING"
        },
        {
          "fieldPath": "__name__",
          "order": "DESCENDING"
        }
      ],
      "density": "SPARSE_ALL"
    },
    {
      "collectionGroup": "reportVersions",
      "queryScope": "COLLECTION",
      "fields": [
        {
          "fieldPath": "patientId",
          "order": "ASCENDING"
        },
        {
          "fieldPath": "version",
          "order": "DESCENDING"
        },
        {
          "fieldPath": "__name__",
          "order": "DESCENDING"
        }
      ],
      "density": "SPARSE_ALL"
    },
    {
      "collectionGroup": "transferRequests",
      "queryScope": "COLLECTION",
      "fields": [
        {
          "fieldPath": "status",
          "order": "ASCENDING"
        },
        {
          "fieldPath": "toTherapistId",
          "order": "ASCENDING"
        },
        {
          "fieldPath": "requestedAt",
          "order": "DESCENDING"
        },
        {
          "fieldPath": "__name__",
          "order": "DESCENDING"
        }
      ],
      "density": "SPARSE_ALL"
    }
  ],
  "fieldOverrides": []
}
